#
# There is insufficient memory for the Java Runtime Environment to continue.
# Native memory allocation (malloc) failed to allocate 93936 bytes. Error detail: Chunk::new
# Possible reasons:
#   The system is out of physical RAM or swap space
#   This process is running with CompressedOops enabled, and the Java Heap may be blocking the growth of the native heap
# Possible solutions:
#   Reduce memory load on the system
#   Increase physical memory or swap space
#   Check if swap backing store is full
#   Decrease Java heap size (-Xmx/-Xms)
#   Decrease number of Java threads
#   Decrease Java thread stack sizes (-Xss)
#   Set larger code cache with -XX:ReservedCodeCacheSize=
#   JVM is running with Unscaled Compressed Oops mode in which the Java heap is
#     placed in the first 4GB address space. The Java Heap base address is the
#     maximum limit for the native heap growth. Please use -XX:HeapBaseMinAddress
#     to set the Java Heap base and to place the Java Heap above 4GB virtual address.
# This output file may be truncated or incomplete.
#
#  Out of Memory Error (arena.cpp:191), pid=22512, tid=9068
#
# JRE version: OpenJDK Runtime Environment Temurin-17.0.13+11 (17.0.13+11) (build 17.0.13+11)
# Java VM: OpenJDK 64-Bit Server VM Temurin-17.0.13+11 (17.0.13+11, mixed mode, tiered, compressed oops, compressed class ptrs, parallel gc, windows-amd64)
# No core dump will be written. Minidumps are not enabled by default on client versions of Windows
#

---------------  S U M M A R Y ------------

Command Line: --add-modules=ALL-SYSTEM --add-opens=java.base/java.util=ALL-UNNAMED --add-opens=java.base/java.lang=ALL-UNNAMED --add-opens=java.base/sun.nio.fs=ALL-UNNAMED -Declipse.application=org.eclipse.jdt.ls.core.id1 -Dosgi.bundles.defaultStartLevel=4 -Declipse.product=org.eclipse.jdt.ls.core.product -Djava.import.generatesMetadataFilesAtProjectRoot=false -DDetectVMInstallationsJob.disabled=true -Dfile.encoding=utf8 -XX:+UseParallelGC -XX:GCTimeRatio=4 -XX:AdaptiveSizePolicyWeight=90 -Dsun.zip.disableMemoryMapping=true -Xmx1G -Xms100m -Xlog:disable -javaagent:c:\Users\PATRICK\.vscode\extensions\redhat.java-1.36.0-win32-x64\lombok\lombok-1.18.35.jar -XX:+HeapDumpOnOutOfMemoryError -XX:HeapDumpPath=c:\Users\PATRICK\AppData\Roaming\Code\User\workspaceStorage\c47252aa09e63bdacb4021f7d55a0295\redhat.java -Daether.dependencyCollector.impl=bf c:\Users\PATRICK\.vscode\extensions\redhat.java-1.36.0-win32-x64\server\plugins\org.eclipse.equinox.launcher_1.6.900.v20240613-2009.jar -configuration c:\Users\PATRICK\AppData\Roaming\Code\User\globalStorage\redhat.java\1.36.0\config_win -data c:\Users\PATRICK\AppData\Roaming\Code\User\workspaceStorage\c47252aa09e63bdacb4021f7d55a0295\redhat.java\jdt_ws --pipe=\\.\pipe\lsp-a6907f827937985be9c856ec5c00cc9a-sock

Host: Intel(R) Core(TM) i7-9750H CPU @ 2.60GHz, 12 cores, 31G,  Windows 11 , 64 bit Build 22621 (10.0.22621.4391)
Time: Thu Nov 28 12:27:42 2024 Afr. centrale Ouest elapsed time: 1.760723 seconds (0d 0h 0m 1s)

---------------  T H R E A D  ---------------

Current thread (0x0000012e79834c20):  JavaThread "C2 CompilerThread0" daemon [_thread_in_native, id=9068, stack(0x0000000b28000000,0x0000000b28100000)]


Current CompileTask:
C2:   1760 1469       4       java.io.WinNTFileSystem::normalize (143 bytes)

Stack: [0x0000000b28000000,0x0000000b28100000]
Native frames: (J=compiled Java code, j=interpreted, Vv=VM code, C=native code)
V  [jvm.dll+0x682a19]
V  [jvm.dll+0x839538]
V  [jvm.dll+0x83afe3]
V  [jvm.dll+0x83b653]
V  [jvm.dll+0x24704f]
V  [jvm.dll+0xace34]
V  [jvm.dll+0xad4cc]
V  [jvm.dll+0x56a0eb]
V  [jvm.dll+0x1ba620]
V  [jvm.dll+0x2181a7]
V  [jvm.dll+0x21748f]
V  [jvm.dll+0x1a3070]
V  [jvm.dll+0x22788c]
V  [jvm.dll+0x2259eb]
V  [jvm.dll+0x7eec98]
V  [jvm.dll+0x7e8ffc]
V  [jvm.dll+0x6818f7]
C  [ucrtbase.dll+0x29333]
C  [KERNEL32.DLL+0x1259d]
C  [ntdll.dll+0x5af38]


---------------  P R O C E S S  ---------------

Threads class SMR info:
_java_thread_list=0x0000012e7b46a8d0, length=13, elements={
0x0000012e6d8d1d20, 0x0000012e746a08d0, 0x0000012e746a13a0, 0x0000012e7982b010,
0x0000012e7982b8e0, 0x0000012e7982cb50, 0x0000012e7982ddc0, 0x0000012e79834c20,
0x0000012e746ab770, 0x0000012e746ac080, 0x0000012e79914520, 0x0000012e79b44010,
0x0000012e7b91ba30
}

Java Threads: ( => current thread )
  0x0000012e6d8d1d20 JavaThread "main" [_thread_in_native, id=4296, stack(0x0000000b27700000,0x0000000b27800000)]
  0x0000012e746a08d0 JavaThread "Reference Handler" daemon [_thread_blocked, id=14860, stack(0x0000000b27a00000,0x0000000b27b00000)]
  0x0000012e746a13a0 JavaThread "Finalizer" daemon [_thread_blocked, id=20044, stack(0x0000000b27b00000,0x0000000b27c00000)]
  0x0000012e7982b010 JavaThread "Signal Dispatcher" daemon [_thread_blocked, id=22500, stack(0x0000000b27c00000,0x0000000b27d00000)]
  0x0000012e7982b8e0 JavaThread "Attach Listener" daemon [_thread_blocked, id=4624, stack(0x0000000b27d00000,0x0000000b27e00000)]
  0x0000012e7982cb50 JavaThread "Service Thread" daemon [_thread_blocked, id=6464, stack(0x0000000b27e00000,0x0000000b27f00000)]
  0x0000012e7982ddc0 JavaThread "Monitor Deflation Thread" daemon [_thread_blocked, id=21812, stack(0x0000000b27f00000,0x0000000b28000000)]
=>0x0000012e79834c20 JavaThread "C2 CompilerThread0" daemon [_thread_in_native, id=9068, stack(0x0000000b28000000,0x0000000b28100000)]
  0x0000012e746ab770 JavaThread "C1 CompilerThread0" daemon [_thread_blocked, id=4732, stack(0x0000000b28100000,0x0000000b28200000)]
  0x0000012e746ac080 JavaThread "Sweeper thread" daemon [_thread_blocked, id=5104, stack(0x0000000b28200000,0x0000000b28300000)]
  0x0000012e79914520 JavaThread "Common-Cleaner" daemon [_thread_blocked, id=22296, stack(0x0000000b28300000,0x0000000b28400000)]
  0x0000012e79b44010 JavaThread "Notification Thread" daemon [_thread_blocked, id=5380, stack(0x0000000b28500000,0x0000000b28600000)]
  0x0000012e7b91ba30 JavaThread "Active Thread: Equinox Container: d19fa70f-7fc9-4fc5-9b7e-4c4842c5d409" [_thread_blocked, id=21216, stack(0x0000000b28d00000,0x0000000b28e00000)]

Other Threads:
  0x0000012e797f4870 VMThread "VM Thread" [stack: 0x0000000b27900000,0x0000000b27a00000] [id=680]
  0x0000012e79b444f0 WatcherThread [stack: 0x0000000b28600000,0x0000000b28700000] [id=15484]
  0x0000012e6d8e8440 GCTaskThread "GC Thread#0" [stack: 0x0000000b27800000,0x0000000b27900000] [id=2244]
  0x0000012e7b64b060 GCTaskThread "GC Thread#1" [stack: 0x0000000b28700000,0x0000000b28800000] [id=14068]
  0x0000012e7b648820 GCTaskThread "GC Thread#2" [stack: 0x0000000b28800000,0x0000000b28900000] [id=20008]
  0x0000012e7b8c5ff0 GCTaskThread "GC Thread#3" [stack: 0x0000000b28900000,0x0000000b28a00000] [id=1700]
  0x0000012e7b8c62b0 GCTaskThread "GC Thread#4" [stack: 0x0000000b28a00000,0x0000000b28b00000] [id=8044]
  0x0000012e7b8c6570 GCTaskThread "GC Thread#5" [stack: 0x0000000b28b00000,0x0000000b28c00000] [id=20700]
  0x0000012e7b8c6830 GCTaskThread "GC Thread#6" [stack: 0x0000000b28c00000,0x0000000b28d00000] [id=20016]

Threads with active compile tasks:
C2 CompilerThread0     1791 1469       4       java.io.WinNTFileSystem::normalize (143 bytes)

VM state: not at safepoint (normal execution)

VM Mutex/Monitor currently owned by a thread: None

Heap address: 0x00000000c0000000, size: 1024 MB, Compressed Oops mode: 32-bit

CDS archive(s) not mapped
Compressed class space mapped at: 0x0000000100000000-0x0000000140000000, reserved size: 1073741824
Narrow klass base: 0x0000000000000000, Narrow klass shift: 3, Narrow klass range: 0x140000000

GC Precious Log:
 CPUs: 12 total, 12 available
 Memory: 32619M
 Large Page Support: Disabled
 NUMA Support: Disabled
 Compressed Oops: Enabled (32-bit)
 Alignments: Space 512K, Generation 512K, Heap 2M
 Heap Min Capacity: 100M
 Heap Initial Capacity: 100M
 Heap Max Capacity: 1G
 Pre-touch: Disabled
 Parallel Workers: 10

Heap:
 PSYoungGen      total 29696K, used 24577K [0x00000000eab00000, 0x00000000ecc00000, 0x0000000100000000)
  eden space 25600K, 83% used [0x00000000eab00000,0x00000000ebff3130,0x00000000ec400000)
  from space 4096K, 76% used [0x00000000ec400000,0x00000000ec70d350,0x00000000ec800000)
  to   space 4096K, 0% used [0x00000000ec800000,0x00000000ec800000,0x00000000ecc00000)
 ParOldGen       total 68608K, used 16K [0x00000000c0000000, 0x00000000c4300000, 0x00000000eab00000)
  object space 68608K, 0% used [0x00000000c0000000,0x00000000c0004000,0x00000000c4300000)
 Metaspace       used 13873K, committed 14080K, reserved 1114112K
  class space    used 1372K, committed 1472K, reserved 1048576K

Card table byte_map: [0x0000012e71f40000,0x0000012e72150000] _byte_map_base: 0x0000012e71940000

Marking Bits: (ParMarkBitMap*) 0x00007ffc08ba6940
 Begin Bits: [0x0000012e722b0000, 0x0000012e732b0000)
 End Bits:   [0x0000012e732b0000, 0x0000012e742b0000)

Polling page: 0x0000012e6d980000

Metaspace:

Usage:
  Non-class:     12.21 MB used.
      Class:      1.34 MB used.
       Both:     13.55 MB used.

Virtual space:
  Non-class space:       64.00 MB reserved,      12.31 MB ( 19%) committed,  1 nodes.
      Class space:        1.00 GB reserved,       1.44 MB ( <1%) committed,  1 nodes.
             Both:        1.06 GB reserved,      13.75 MB (  1%) committed. 

Chunk freelists:
   Non-Class:  3.33 MB
       Class:  14.48 MB
        Both:  17.81 MB

MaxMetaspaceSize: unlimited
CompressedClassSpaceSize: 1.00 GB
Initial GC threshold: 21.00 MB
Current GC threshold: 21.00 MB
CDS: off
MetaspaceReclaimPolicy: balanced
 - commit_granule_bytes: 65536.
 - commit_granule_words: 8192.
 - virtual_space_node_default_size: 8388608.
 - enlarge_chunks_in_place: 1.
 - new_chunks_are_fully_committed: 0.
 - uncommit_free_chunks: 1.
 - use_allocation_guard: 0.
 - handle_deallocations: 1.


Internal statistics:

num_allocs_failed_limit: 0.
num_arena_births: 56.
num_arena_deaths: 0.
num_vsnodes_births: 2.
num_vsnodes_deaths: 0.
num_space_committed: 220.
num_space_uncommitted: 0.
num_chunks_returned_to_freelist: 0.
num_chunks_taken_from_freelist: 221.
num_chunk_merges: 0.
num_chunk_splits: 149.
num_chunks_enlarged: 115.
num_inconsistent_stats: 0.

CodeHeap 'non-profiled nmethods': size=120000Kb used=609Kb max_used=609Kb free=119390Kb
 bounds [0x0000012e07ad0000, 0x0000012e07d40000, 0x0000012e0f000000]
CodeHeap 'profiled nmethods': size=120000Kb used=2584Kb max_used=2584Kb free=117415Kb
 bounds [0x0000012e00000000, 0x0000012e00290000, 0x0000012e07530000]
CodeHeap 'non-nmethods': size=5760Kb used=1157Kb max_used=1178Kb free=4602Kb
 bounds [0x0000012e07530000, 0x0000012e077a0000, 0x0000012e07ad0000]
 total_blobs=1917 nmethods=1466 adapters=365
 compilation: enabled
              stopped_count=0, restarted_count=0
 full_count=0

Compilation events (20 events):
Event: 1.338 Thread 0x0000012e746ab770 nmethod 1460 0x0000012e00282c10 code [0x0000012e00282e00, 0x0000012e00283348]
Event: 1.338 Thread 0x0000012e746ab770 1461       1       sun.nio.fs.NativeBuffer::address (5 bytes)
Event: 1.339 Thread 0x0000012e746ab770 nmethod 1461 0x0000012e07b65a90 code [0x0000012e07b65c20, 0x0000012e07b65cf8]
Event: 1.429 Thread 0x0000012e746ab770 1462       3       java.lang.ref.Reference::clear (5 bytes)
Event: 1.429 Thread 0x0000012e746ab770 nmethod 1462 0x0000012e00283490 code [0x0000012e00283620, 0x0000012e00283768]
Event: 1.441 Thread 0x0000012e79834c20 1463       4       java.lang.StringBuilder::<init> (7 bytes)
Event: 1.442 Thread 0x0000012e79834c20 nmethod 1463 0x0000012e07b65d90 code [0x0000012e07b65f20, 0x0000012e07b66038]
Event: 1.453 Thread 0x0000012e746ab770 1464       3       sun.nio.fs.WindowsPathParser::nextNonSlash (24 bytes)
Event: 1.453 Thread 0x0000012e746ab770 nmethod 1464 0x0000012e00283810 code [0x0000012e00283a20, 0x0000012e00284158]
Event: 1.465 Thread 0x0000012e79834c20 1465       4       java.lang.StringLatin1::inflate (34 bytes)
Event: 1.470 Thread 0x0000012e79834c20 nmethod 1465 0x0000012e07b66110 code [0x0000012e07b66280, 0x0000012e07b66538]
Event: 1.490 Thread 0x0000012e79834c20 1466 %     4       java.io.WinNTFileSystem::normalize @ 58 (224 bytes)
Event: 1.490 Thread 0x0000012e746ab770 1467       3       java.lang.String::getChars (54 bytes)
Event: 1.490 Thread 0x0000012e746ab770 nmethod 1467 0x0000012e00284490 code [0x0000012e00284680, 0x0000012e00284ad8]
Event: 1.490 Thread 0x0000012e746ab770 1468       3       java.lang.StringLatin1::getChars (12 bytes)
Event: 1.491 Thread 0x0000012e746ab770 nmethod 1468 0x0000012e00284c90 code [0x0000012e00284e20, 0x0000012e00284f48]
Event: 1.513 Thread 0x0000012e79834c20 nmethod 1466% 0x0000012e07b66610 code [0x0000012e07b66820, 0x0000012e07b67a28]
Event: 1.731 Thread 0x0000012e79834c20 1469       4       java.io.WinNTFileSystem::normalize (143 bytes)
Event: 1.731 Thread 0x0000012e746ab770 1470       3       org.eclipse.osgi.framework.util.SecureAction::getProperty (31 bytes)
Event: 1.731 Thread 0x0000012e746ab770 nmethod 1470 0x0000012e00285010 code [0x0000012e002852a0, 0x0000012e00285cf8]

GC Heap History (2 events):
Event: 0.689 GC heap before
{Heap before GC invocations=1 (full 0):
 PSYoungGen      total 29696K, used 25600K [0x00000000eab00000, 0x00000000ecc00000, 0x0000000100000000)
  eden space 25600K, 100% used [0x00000000eab00000,0x00000000ec400000,0x00000000ec400000)
  from space 4096K, 0% used [0x00000000ec800000,0x00000000ec800000,0x00000000ecc00000)
  to   space 4096K, 0% used [0x00000000ec400000,0x00000000ec400000,0x00000000ec800000)
 ParOldGen       total 68608K, used 0K [0x00000000c0000000, 0x00000000c4300000, 0x00000000eab00000)
  object space 68608K, 0% used [0x00000000c0000000,0x00000000c0000000,0x00000000c4300000)
 Metaspace       used 10923K, committed 11072K, reserved 1114112K
  class space    used 1085K, committed 1152K, reserved 1048576K
}
Event: 0.696 GC heap after
{Heap after GC invocations=1 (full 0):
 PSYoungGen      total 29696K, used 3124K [0x00000000eab00000, 0x00000000ecc00000, 0x0000000100000000)
  eden space 25600K, 0% used [0x00000000eab00000,0x00000000eab00000,0x00000000ec400000)
  from space 4096K, 76% used [0x00000000ec400000,0x00000000ec70d350,0x00000000ec800000)
  to   space 4096K, 0% used [0x00000000ec800000,0x00000000ec800000,0x00000000ecc00000)
 ParOldGen       total 68608K, used 16K [0x00000000c0000000, 0x00000000c4300000, 0x00000000eab00000)
  object space 68608K, 0% used [0x00000000c0000000,0x00000000c0004000,0x00000000c4300000)
 Metaspace       used 10923K, committed 11072K, reserved 1114112K
  class space    used 1085K, committed 1152K, reserved 1048576K
}

Dll operation events (8 events):
Event: 0.027 Loaded shared library c:\Users\PATRICK\.vscode\extensions\redhat.java-1.36.0-win32-x64\jre\17.0.13-win32-x86_64\bin\java.dll
Event: 0.137 Loaded shared library c:\Users\PATRICK\.vscode\extensions\redhat.java-1.36.0-win32-x64\jre\17.0.13-win32-x86_64\bin\zip.dll
Event: 0.140 Loaded shared library C:\Users\PATRICK\.vscode\extensions\redhat.java-1.36.0-win32-x64\jre\17.0.13-win32-x86_64\bin\instrument.dll
Event: 0.149 Loaded shared library C:\Users\PATRICK\.vscode\extensions\redhat.java-1.36.0-win32-x64\jre\17.0.13-win32-x86_64\bin\net.dll
Event: 0.150 Loaded shared library C:\Users\PATRICK\.vscode\extensions\redhat.java-1.36.0-win32-x64\jre\17.0.13-win32-x86_64\bin\nio.dll
Event: 0.156 Loaded shared library C:\Users\PATRICK\.vscode\extensions\redhat.java-1.36.0-win32-x64\jre\17.0.13-win32-x86_64\bin\zip.dll
Event: 0.170 Loaded shared library C:\Users\PATRICK\.vscode\extensions\redhat.java-1.36.0-win32-x64\jre\17.0.13-win32-x86_64\bin\jimage.dll
Event: 0.231 Loaded shared library c:\Users\PATRICK\.vscode\extensions\redhat.java-1.36.0-win32-x64\jre\17.0.13-win32-x86_64\bin\verify.dll

Deoptimization events (20 events):
Event: 0.940 Thread 0x0000012e6d8d1d20 DEOPT PACKING pc=0x0000012e0021c1ca sp=0x0000000b277fde90
Event: 0.940 Thread 0x0000012e6d8d1d20 DEOPT UNPACKING pc=0x0000012e07586e43 sp=0x0000000b277fd328 mode 3
Event: 0.977 Thread 0x0000012e6d8d1d20 Uncommon trap: trap_request=0xffffffde fr.pc=0x0000012e07b3560c relative=0x000000000000094c
Event: 0.977 Thread 0x0000012e6d8d1d20 Uncommon trap: reason=class_check action=maybe_recompile pc=0x0000012e07b3560c method=java.util.HashMap.putVal(ILjava/lang/Object;Ljava/lang/Object;ZZ)Ljava/lang/Object; @ 253 c2
Event: 0.977 Thread 0x0000012e6d8d1d20 DEOPT PACKING pc=0x0000012e07b3560c sp=0x0000000b277fdae0
Event: 0.977 Thread 0x0000012e6d8d1d20 DEOPT UNPACKING pc=0x0000012e075866a3 sp=0x0000000b277fda60 mode 2
Event: 0.978 Thread 0x0000012e6d8d1d20 Uncommon trap: trap_request=0xffffffde fr.pc=0x0000012e07b3560c relative=0x000000000000094c
Event: 0.978 Thread 0x0000012e6d8d1d20 Uncommon trap: reason=class_check action=maybe_recompile pc=0x0000012e07b3560c method=java.util.HashMap.putVal(ILjava/lang/Object;Ljava/lang/Object;ZZ)Ljava/lang/Object; @ 253 c2
Event: 0.979 Thread 0x0000012e6d8d1d20 DEOPT PACKING pc=0x0000012e07b3560c sp=0x0000000b277fdae0
Event: 0.979 Thread 0x0000012e6d8d1d20 DEOPT UNPACKING pc=0x0000012e075866a3 sp=0x0000000b277fda60 mode 2
Event: 1.003 Thread 0x0000012e6d8d1d20 DEOPT PACKING pc=0x0000012e00115714 sp=0x0000000b277fc000
Event: 1.003 Thread 0x0000012e6d8d1d20 DEOPT UNPACKING pc=0x0000012e07586e43 sp=0x0000000b277fb480 mode 0
Event: 1.009 Thread 0x0000012e6d8d1d20 DEOPT PACKING pc=0x0000012e00115714 sp=0x0000000b277fbf60
Event: 1.009 Thread 0x0000012e6d8d1d20 DEOPT UNPACKING pc=0x0000012e07586e43 sp=0x0000000b277fb3e0 mode 0
Event: 1.009 Thread 0x0000012e6d8d1d20 Uncommon trap: trap_request=0xffffff45 fr.pc=0x0000012e07b195bc relative=0x000000000000011c
Event: 1.009 Thread 0x0000012e6d8d1d20 Uncommon trap: reason=unstable_if action=reinterpret pc=0x0000012e07b195bc method=java.math.BigInteger.addOne([IIII)I @ 55 c2
Event: 1.009 Thread 0x0000012e6d8d1d20 DEOPT PACKING pc=0x0000012e07b195bc sp=0x0000000b277fc290
Event: 1.010 Thread 0x0000012e6d8d1d20 DEOPT UNPACKING pc=0x0000012e075866a3 sp=0x0000000b277fc210 mode 2
Event: 1.011 Thread 0x0000012e6d8d1d20 DEOPT PACKING pc=0x0000012e00115714 sp=0x0000000b277fc250
Event: 1.011 Thread 0x0000012e6d8d1d20 DEOPT UNPACKING pc=0x0000012e07586e43 sp=0x0000000b277fb6d0 mode 0

Classes loaded (20 events):
Event: 0.996 Loading class javax/xml/parsers/ParserConfigurationException
Event: 0.996 Loading class javax/xml/parsers/ParserConfigurationException done
Event: 0.998 Loading class java/security/KeyStoreException
Event: 0.998 Loading class java/security/KeyStoreException done
Event: 1.000 Loading class sun/security/x509/SubjectAlternativeNameExtension
Event: 1.000 Loading class sun/security/x509/SubjectAlternativeNameExtension done
Event: 1.000 Loading class sun/security/x509/RFC822Name
Event: 1.000 Loading class sun/security/x509/RFC822Name done
Event: 1.022 Loading class java/util/LinkedList$Node
Event: 1.022 Loading class java/util/LinkedList$Node done
Event: 1.022 Loading class java/util/LinkedList$ListItr
Event: 1.022 Loading class java/util/LinkedList$ListItr done
Event: 1.030 Loading class sun/nio/fs/WindowsChannelFactory
Event: 1.031 Loading class sun/nio/fs/WindowsChannelFactory done
Event: 1.031 Loading class sun/nio/fs/WindowsChannelFactory$1
Event: 1.031 Loading class sun/nio/fs/WindowsChannelFactory$1 done
Event: 1.031 Loading class sun/nio/fs/WindowsChannelFactory$Flags
Event: 1.031 Loading class sun/nio/fs/WindowsChannelFactory$Flags done
Event: 1.031 Loading class sun/nio/ch/FileChannelImpl$Closer
Event: 1.031 Loading class sun/nio/ch/FileChannelImpl$Closer done

Classes unloaded (0 events):
No events

Classes redefined (0 events):
No events

Internal exceptions (20 events):
Event: 0.456 Thread 0x0000012e6d8d1d20 Exception <a 'java/io/FileNotFoundException'{0x00000000eb8a5f50}> (0x00000000eb8a5f50) 
thrown [s\src\hotspot\share\prims\jni.cpp, line 516]
Event: 0.456 Thread 0x0000012e6d8d1d20 Exception <a 'java/io/FileNotFoundException'{0x00000000eb8a70a8}> (0x00000000eb8a70a8) 
thrown [s\src\hotspot\share\prims\jni.cpp, line 516]
Event: 0.456 Thread 0x0000012e6d8d1d20 Exception <a 'java/io/FileNotFoundException'{0x00000000eb8a81e0}> (0x00000000eb8a81e0) 
thrown [s\src\hotspot\share\prims\jni.cpp, line 516]
Event: 0.466 Thread 0x0000012e6d8d1d20 Exception <a 'java/io/FileNotFoundException'{0x00000000eb8e1660}> (0x00000000eb8e1660) 
thrown [s\src\hotspot\share\prims\jni.cpp, line 516]
Event: 0.631 Thread 0x0000012e6d8d1d20 Exception <a 'java/lang/ClassNotFoundException'{0x00000000ec1122c8}: sun/net/www/protocol/c/Handler> (0x00000000ec1122c8) 
thrown [s\src\hotspot\share\classfile\systemDictionary.cpp, line 256]
Event: 0.631 Thread 0x0000012e6d8d1d20 Exception <a 'java/lang/ClassNotFoundException'{0x00000000ec113628}: sun/net/www/protocol/c/Handler> (0x00000000ec113628) 
thrown [s\src\hotspot\share\classfile\systemDictionary.cpp, line 256]
Event: 0.631 Thread 0x0000012e6d8d1d20 Exception <a 'java/lang/ClassNotFoundException'{0x00000000ec1147c8}: sun/net/www/protocol/c/Handler> (0x00000000ec1147c8) 
thrown [s\src\hotspot\share\classfile\systemDictionary.cpp, line 256]
Event: 0.637 Thread 0x0000012e6d8d1d20 Exception <a 'java/io/FileNotFoundException'{0x00000000ec13c618}> (0x00000000ec13c618) 
thrown [s\src\hotspot\share\prims\jni.cpp, line 516]
Event: 0.661 Thread 0x0000012e6d8d1d20 Implicit null exception at 0x0000012e07b24f00 to 0x0000012e07b258dc
Event: 0.661 Thread 0x0000012e6d8d1d20 Implicit null exception at 0x0000012e07b1d98c to 0x0000012e07b1dbb8
Event: 0.661 Thread 0x0000012e6d8d1d20 Implicit null exception at 0x0000012e07b2020c to 0x0000012e07b20438
Event: 0.661 Thread 0x0000012e6d8d1d20 Implicit null exception at 0x0000012e07b1918f to 0x0000012e07b19209
Event: 0.700 Thread 0x0000012e6d8d1d20 Exception <a 'java/lang/NoSuchMethodError'{0x00000000eab1f698}: 'int java.lang.invoke.DirectMethodHandle$Holder.invokeStaticInit(java.lang.Object, java.lang.Object, java.lang.Object, java.lang.Object)'> (0x00000000eab1f698) 
thrown [s\src\hotspot\share\interpreter\linkResolver.cpp, line 759]
Event: 0.701 Thread 0x0000012e6d8d1d20 Exception <a 'java/lang/NoSuchMethodError'{0x00000000eab29e00}: 'java.lang.Object java.lang.invoke.DirectMethodHandle$Holder.invokeInterface(java.lang.Object, java.lang.Object)'> (0x00000000eab29e00) 
thrown [s\src\hotspot\share\interpreter\linkResolver.cpp, line 759]
Event: 0.701 Thread 0x0000012e6d8d1d20 Exception <a 'java/lang/IncompatibleClassChangeError'{0x00000000eab2d5f8}: Found class java.lang.Object, but interface was expected> (0x00000000eab2d5f8) 
thrown [s\src\hotspot\share\interpreter\linkResolver.cpp, line 826]
Event: 0.702 Thread 0x0000012e6d8d1d20 Exception <a 'java/lang/NoSuchMethodError'{0x00000000eab31ad8}: 'void java.lang.invoke.DirectMethodHandle$Holder.invokeStatic(java.lang.Object, java.lang.Object)'> (0x00000000eab31ad8) 
thrown [s\src\hotspot\share\interpreter\linkResolver.cpp, line 759]
Event: 0.703 Thread 0x0000012e6d8d1d20 Exception <a 'java/lang/NoSuchMethodError'{0x00000000eab352d8}: 'void java.lang.invoke.DirectMethodHandle$Holder.invokeStaticInit(java.lang.Object, java.lang.Object)'> (0x00000000eab352d8) 
thrown [s\src\hotspot\share\interpreter\linkResolver.cpp, line 759]
Event: 0.704 Thread 0x0000012e6d8d1d20 Exception <a 'java/lang/NoSuchMethodError'{0x00000000eab3c818}: 'int java.lang.invoke.DirectMethodHandle$Holder.invokeStaticInit(java.lang.Object, java.lang.Object)'> (0x00000000eab3c818) 
thrown [s\src\hotspot\share\interpreter\linkResolver.cpp, line 759]
Event: 0.754 Thread 0x0000012e6d8d1d20 Exception <a 'java/lang/NoSuchMethodError'{0x00000000eaccc938}: 'void java.lang.invoke.DirectMethodHandle$Holder.invokeSpecial(java.lang.Object, java.lang.Object, java.lang.Object)'> (0x00000000eaccc938) 
thrown [s\src\hotspot\share\interpreter\linkResolver.cpp, line 759]
Event: 0.965 Thread 0x0000012e6d8d1d20 Exception <a 'java/lang/NoSuchMethodError'{0x00000000ebae4de8}: 'java.lang.Object java.lang.invoke.DirectMethodHandle$Holder.newInvokeSpecial(java.lang.Object, int, java.lang.Object)'> (0x00000000ebae4de8) 
thrown [s\src\hotspot\share\interpreter\linkResolver.cpp, line 759]

VM Operations (18 events):
Event: 0.124 Executing VM operation: HandshakeAllThreads
Event: 0.124 Executing VM operation: HandshakeAllThreads done
Event: 0.417 Executing VM operation: HandshakeAllThreads
Event: 0.417 Executing VM operation: HandshakeAllThreads done
Event: 0.434 Executing VM operation: HandshakeAllThreads
Event: 0.434 Executing VM operation: HandshakeAllThreads done
Event: 0.620 Executing VM operation: ICBufferFull
Event: 0.620 Executing VM operation: ICBufferFull done
Event: 0.689 Executing VM operation: ParallelGCFailedAllocation
Event: 0.696 Executing VM operation: ParallelGCFailedAllocation done
Event: 0.946 Executing VM operation: HandshakeAllThreads
Event: 0.946 Executing VM operation: HandshakeAllThreads done
Event: 0.946 Executing VM operation: HandshakeAllThreads
Event: 0.946 Executing VM operation: HandshakeAllThreads done
Event: 0.950 Executing VM operation: HandshakeAllThreads
Event: 0.950 Executing VM operation: HandshakeAllThreads done
Event: 0.961 Executing VM operation: HandshakeAllThreads
Event: 0.961 Executing VM operation: HandshakeAllThreads done

Memory protections (0 events):
No events

Nmethod flushes (0 events):
No events

Events (15 events):
Event: 0.052 Thread 0x0000012e6d8d1d20 Thread added: 0x0000012e6d8d1d20
Event: 0.060 Thread 0x0000012e6d8d1d20 Thread added: 0x0000012e746a08d0
Event: 0.060 Thread 0x0000012e6d8d1d20 Thread added: 0x0000012e746a13a0
Event: 0.073 Thread 0x0000012e6d8d1d20 Thread added: 0x0000012e7982b010
Event: 0.073 Thread 0x0000012e6d8d1d20 Thread added: 0x0000012e7982b8e0
Event: 0.073 Thread 0x0000012e6d8d1d20 Thread added: 0x0000012e7982cb50
Event: 0.074 Thread 0x0000012e6d8d1d20 Thread added: 0x0000012e7982ddc0
Event: 0.074 Thread 0x0000012e6d8d1d20 Thread added: 0x0000012e79834c20
Event: 0.074 Thread 0x0000012e6d8d1d20 Thread added: 0x0000012e746ab770
Event: 0.074 Thread 0x0000012e6d8d1d20 Thread added: 0x0000012e746ac080
Event: 0.109 Thread 0x0000012e6d8d1d20 Thread added: 0x0000012e79914520
Event: 0.129 Thread 0x0000012e746ab770 Thread added: 0x0000012e799182b0
Event: 0.303 Thread 0x0000012e6d8d1d20 Thread added: 0x0000012e79b44010
Event: 0.938 Thread 0x0000012e6d8d1d20 Thread added: 0x0000012e7b91ba30
Event: 1.192 Thread 0x0000012e799182b0 Thread exited: 0x0000012e799182b0


Dynamic libraries:
0x00007ff79aac0000 - 0x00007ff79aace000 	c:\Users\PATRICK\.vscode\extensions\redhat.java-1.36.0-win32-x64\jre\17.0.13-win32-x86_64\bin\java.exe
0x00007ffc9c1d0000 - 0x00007ffc9c3e7000 	C:\WINDOWS\SYSTEM32\ntdll.dll
0x00007ffc99f60000 - 0x00007ffc9a024000 	C:\WINDOWS\System32\KERNEL32.DLL
0x00007ffc99a60000 - 0x00007ffc99e19000 	C:\WINDOWS\System32\KERNELBASE.dll
0x00007ffc99610000 - 0x00007ffc99721000 	C:\WINDOWS\System32\ucrtbase.dll
0x00007ffc14dd0000 - 0x00007ffc14dee000 	c:\Users\PATRICK\.vscode\extensions\redhat.java-1.36.0-win32-x64\jre\17.0.13-win32-x86_64\bin\VCRUNTIME140.dll
0x00007ffc10f70000 - 0x00007ffc10f87000 	c:\Users\PATRICK\.vscode\extensions\redhat.java-1.36.0-win32-x64\jre\17.0.13-win32-x86_64\bin\jli.dll
0x00007ffc9ae30000 - 0x00007ffc9afde000 	C:\WINDOWS\System32\USER32.dll
0x00007ffc86140000 - 0x00007ffc863d2000 	C:\WINDOWS\WinSxS\amd64_microsoft.windows.common-controls_6595b64144ccf1df_6.0.22621.4391_none_2715d37f73803e96\COMCTL32.dll
0x00007ffc998a0000 - 0x00007ffc998c6000 	C:\WINDOWS\System32\win32u.dll
0x00007ffc9a9d0000 - 0x00007ffc9aa77000 	C:\WINDOWS\System32\msvcrt.dll
0x00007ffc9bc90000 - 0x00007ffc9bcb9000 	C:\WINDOWS\System32\GDI32.dll
0x00007ffc998d0000 - 0x00007ffc999eb000 	C:\WINDOWS\System32\gdi32full.dll
0x00007ffc99e20000 - 0x00007ffc99eba000 	C:\WINDOWS\System32\msvcp_win.dll
0x00007ffc9b610000 - 0x00007ffc9b641000 	C:\WINDOWS\System32\IMM32.DLL
0x00007ffc5c120000 - 0x00007ffc5c12c000 	c:\Users\PATRICK\.vscode\extensions\redhat.java-1.36.0-win32-x64\jre\17.0.13-win32-x86_64\bin\vcruntime140_1.dll
0x00007ffc0a7e0000 - 0x00007ffc0a86d000 	c:\Users\PATRICK\.vscode\extensions\redhat.java-1.36.0-win32-x64\jre\17.0.13-win32-x86_64\bin\msvcp140.dll
0x00007ffc08000000 - 0x00007ffc08c6b000 	c:\Users\PATRICK\.vscode\extensions\redhat.java-1.36.0-win32-x64\jre\17.0.13-win32-x86_64\bin\server\jvm.dll
0x00007ffc9bf10000 - 0x00007ffc9bfc2000 	C:\WINDOWS\System32\ADVAPI32.dll
0x00007ffc9b4c0000 - 0x00007ffc9b567000 	C:\WINDOWS\System32\sechost.dll
0x00007ffc99ec0000 - 0x00007ffc99ee8000 	C:\WINDOWS\System32\bcrypt.dll
0x00007ffc9a8b0000 - 0x00007ffc9a9c4000 	C:\WINDOWS\System32\RPCRT4.dll
0x00007ffc9ba60000 - 0x00007ffc9bad1000 	C:\WINDOWS\System32\WS2_32.dll
0x00007ffc988a0000 - 0x00007ffc988ed000 	C:\WINDOWS\SYSTEM32\POWRPROF.dll
0x00007ffc95860000 - 0x00007ffc9586a000 	C:\WINDOWS\SYSTEM32\VERSION.dll
0x00007ffc81790000 - 0x00007ffc817c4000 	C:\WINDOWS\SYSTEM32\WINMM.dll
0x00007ffc98840000 - 0x00007ffc98853000 	C:\WINDOWS\SYSTEM32\UMPDC.dll
0x00007ffc98510000 - 0x00007ffc98528000 	C:\WINDOWS\SYSTEM32\kernel.appcore.dll
0x00007ffc59140000 - 0x00007ffc5914a000 	c:\Users\PATRICK\.vscode\extensions\redhat.java-1.36.0-win32-x64\jre\17.0.13-win32-x86_64\bin\jimage.dll
0x00007ffc96fb0000 - 0x00007ffc971e2000 	C:\WINDOWS\SYSTEM32\DBGHELP.DLL
0x00007ffc9aa80000 - 0x00007ffc9ae0f000 	C:\WINDOWS\System32\combase.dll
0x00007ffc9be20000 - 0x00007ffc9bef7000 	C:\WINDOWS\System32\OLEAUT32.dll
0x00007ffc78480000 - 0x00007ffc784b2000 	C:\WINDOWS\SYSTEM32\dbgcore.DLL
0x00007ffc99590000 - 0x00007ffc9960b000 	C:\WINDOWS\System32\bcryptPrimitives.dll
0x00007ffc302b0000 - 0x00007ffc302be000 	c:\Users\PATRICK\.vscode\extensions\redhat.java-1.36.0-win32-x64\jre\17.0.13-win32-x86_64\bin\instrument.dll
0x00007ffc0abe0000 - 0x00007ffc0ac05000 	c:\Users\PATRICK\.vscode\extensions\redhat.java-1.36.0-win32-x64\jre\17.0.13-win32-x86_64\bin\java.dll
0x00007ffc0abc0000 - 0x00007ffc0abd8000 	c:\Users\PATRICK\.vscode\extensions\redhat.java-1.36.0-win32-x64\jre\17.0.13-win32-x86_64\bin\zip.dll
0x00007ffc9a030000 - 0x00007ffc9a8a6000 	C:\WINDOWS\System32\SHELL32.dll
0x00007ffc97410000 - 0x00007ffc97d13000 	C:\WINDOWS\SYSTEM32\windows.storage.dll
0x00007ffc972d0000 - 0x00007ffc9740f000 	C:\WINDOWS\SYSTEM32\wintypes.dll
0x00007ffc9b6b0000 - 0x00007ffc9b7a9000 	C:\WINDOWS\System32\SHCORE.dll
0x00007ffc99ef0000 - 0x00007ffc99f4e000 	C:\WINDOWS\System32\shlwapi.dll
0x00007ffc99400000 - 0x00007ffc9942b000 	C:\WINDOWS\SYSTEM32\profapi.dll
0x00007ffc0a0e0000 - 0x00007ffc0a0f9000 	C:\Users\PATRICK\.vscode\extensions\redhat.java-1.36.0-win32-x64\jre\17.0.13-win32-x86_64\bin\net.dll
0x00007ffc94d20000 - 0x00007ffc94e56000 	C:\WINDOWS\SYSTEM32\WINHTTP.dll
0x00007ffc98a80000 - 0x00007ffc98ae9000 	C:\WINDOWS\system32\mswsock.dll
0x00007ffc0a0c0000 - 0x00007ffc0a0d6000 	C:\Users\PATRICK\.vscode\extensions\redhat.java-1.36.0-win32-x64\jre\17.0.13-win32-x86_64\bin\nio.dll
0x00007ffc2ff70000 - 0x00007ffc2ff80000 	c:\Users\PATRICK\.vscode\extensions\redhat.java-1.36.0-win32-x64\jre\17.0.13-win32-x86_64\bin\verify.dll

dbghelp: loaded successfully - version: 4.0.5 - missing functions: none
symbol engine: initialized successfully - sym options: 0x614 - pdb path: .;c:\Users\PATRICK\.vscode\extensions\redhat.java-1.36.0-win32-x64\jre\17.0.13-win32-x86_64\bin;C:\WINDOWS\SYSTEM32;C:\WINDOWS\WinSxS\amd64_microsoft.windows.common-controls_6595b64144ccf1df_6.0.22621.4391_none_2715d37f73803e96;c:\Users\PATRICK\.vscode\extensions\redhat.java-1.36.0-win32-x64\jre\17.0.13-win32-x86_64\bin\server

VM Arguments:
jvm_args: --add-modules=ALL-SYSTEM --add-opens=java.base/java.util=ALL-UNNAMED --add-opens=java.base/java.lang=ALL-UNNAMED --add-opens=java.base/sun.nio.fs=ALL-UNNAMED -Declipse.application=org.eclipse.jdt.ls.core.id1 -Dosgi.bundles.defaultStartLevel=4 -Declipse.product=org.eclipse.jdt.ls.core.product -Djava.import.generatesMetadataFilesAtProjectRoot=false -DDetectVMInstallationsJob.disabled=true -Dfile.encoding=utf8 -XX:+UseParallelGC -XX:GCTimeRatio=4 -XX:AdaptiveSizePolicyWeight=90 -Dsun.zip.disableMemoryMapping=true -Xmx1G -Xms100m -Xlog:disable -javaagent:c:\Users\PATRICK\.vscode\extensions\redhat.java-1.36.0-win32-x64\lombok\lombok-1.18.35.jar -XX:+HeapDumpOnOutOfMemoryError -XX:HeapDumpPath=c:\Users\PATRICK\AppData\Roaming\Code\User\workspaceStorage\c47252aa09e63bdacb4021f7d55a0295\redhat.java -Daether.dependencyCollector.impl=bf 
java_command: c:\Users\PATRICK\.vscode\extensions\redhat.java-1.36.0-win32-x64\server\plugins\org.eclipse.equinox.launcher_1.6.900.v20240613-2009.jar -configuration c:\Users\PATRICK\AppData\Roaming\Code\User\globalStorage\redhat.java\1.36.0\config_win -data c:\Users\PATRICK\AppData\Roaming\Code\User\workspaceStorage\c47252aa09e63bdacb4021f7d55a0295\redhat.java\jdt_ws --pipe=\\.\pipe\lsp-a6907f827937985be9c856ec5c00cc9a-sock
java_class_path (initial): c:\Users\PATRICK\.vscode\extensions\redhat.java-1.36.0-win32-x64\server\plugins\org.eclipse.equinox.launcher_1.6.900.v20240613-2009.jar
Launcher Type: SUN_STANDARD

[Global flags]
    uintx AdaptiveSizePolicyWeight                 = 90                                        {product} {command line}
     intx CICompilerCount                          = 4                                         {product} {ergonomic}
    uintx GCTimeRatio                              = 4                                         {product} {command line}
     bool HeapDumpOnOutOfMemoryError               = true                                   {manageable} {command line}
    ccstr HeapDumpPath                             = c:\Users\PATRICK\AppData\Roaming\Code\User\workspaceStorage\c47252aa09e63bdacb4021f7d55a0295\redhat.java         {manageable} {command line}
   size_t InitialHeapSize                          = 104857600                                 {product} {command line}
   size_t MaxHeapSize                              = 1073741824                                {product} {command line}
   size_t MaxNewSize                               = 357564416                                 {product} {ergonomic}
   size_t MinHeapDeltaBytes                        = 524288                                    {product} {ergonomic}
   size_t MinHeapSize                              = 104857600                                 {product} {command line}
   size_t NewSize                                  = 34603008                                  {product} {ergonomic}
    uintx NonNMethodCodeHeapSize                   = 5839372                                {pd product} {ergonomic}
    uintx NonProfiledCodeHeapSize                  = 122909434                              {pd product} {ergonomic}
   size_t OldSize                                  = 70254592                                  {product} {ergonomic}
    uintx ProfiledCodeHeapSize                     = 122909434                              {pd product} {ergonomic}
    uintx ReservedCodeCacheSize                    = 251658240                              {pd product} {ergonomic}
     bool SegmentedCodeCache                       = true                                      {product} {ergonomic}
   size_t SoftMaxHeapSize                          = 1073741824                             {manageable} {ergonomic}
     bool UseCompressedClassPointers               = true                           {product lp64_product} {ergonomic}
     bool UseCompressedOops                        = true                           {product lp64_product} {ergonomic}
     bool UseLargePagesIndividualAllocation        = false                                  {pd product} {ergonomic}
     bool UseParallelGC                            = true                                      {product} {command line}

Logging:
Log output configuration:
 #0: stdout all=off uptime,level,tags
 #1: stderr all=off uptime,level,tags

Environment Variables:
JAVA_HOME=C:\Program Files (x86)\Java\jre1.8.0_431
PATH=C:\Program Files (x86)\VMware\VMware Workstation\bin\;C:\Program Files (x86)\Common Files\Oracle\Java\java8path;C:\Program Files (x86)\Common Files\Oracle\Java\javapath;C:\Program Files\Eclipse Adoptium\jdk-21.0.4.7-hotspot\bin;C:\WINDOWS\system32;C:\WINDOWS;C:\WINDOWS\System32\Wbem;C:\WINDOWS\System32\WindowsPowerShell\v1.0\;C:\WINDOWS\System32\OpenSSH\;C:\Program Files\dotnet\;C:\Program Files\MiKTeX\miktex\bin\x64\;C:\Program Files\Git\cmd;C:\Program Files\nodejs\;C:\Program Files (x86)\Java\jre1.8.0_431\bin;C:\Users\PATRICK\AppData\Local\Microsoft\WindowsApps;;C:\Program Files\JetBrains\IntelliJ IDEA Community Edition 2024.2.0.1\bin;;C:\Users\PATRICK\AppData\Local\Programs\Microsoft VS Code\bin;C:\Users\PATRICK\AppData\Roaming\npm
USERNAME=PATRICK
OS=Windows_NT
PROCESSOR_IDENTIFIER=Intel64 Family 6 Model 158 Stepping 10, GenuineIntel
TMP=C:\Users\PATRICK\AppData\Local\Temp
TEMP=C:\Users\PATRICK\AppData\Local\Temp



Periodic native trim disabled


---------------  S Y S T E M  ---------------

OS:
 Windows 11 , 64 bit Build 22621 (10.0.22621.4391)
OS uptime: 0 days 14:14 hours

CPU: total 12 (initial active 12) (6 cores per cpu, 2 threads per core) family 6 model 158 stepping 10 microcode 0xde, cx8, cmov, fxsr, ht, mmx, 3dnowpref, sse, sse2, sse3, ssse3, sse4.1, sse4.2, popcnt, lzcnt, tsc, tscinvbit, avx, avx2, aes, erms, clmul, bmi1, bmi2, adx, fma, vzeroupper, clflush, clflushopt
Processor Information for all 12 processors :
  Max Mhz: 2592, Current Mhz: 2592, Mhz Limit: 2592

Memory: 4k page, system-wide physical 32619M (316M free)
TotalPageFile size 130923M (AvailPageFile size 6M)
current process WorkingSet (physical memory assigned to process): 83M, peak: 84M
current process commit charge ("private bytes"): 210M, peak: 211M

vm_info: OpenJDK 64-Bit Server VM (17.0.13+11) for windows-amd64 JRE (17.0.13+11), built on Oct 16 2024 00:10:08 by "admin" with MS VC++ 17.7 (VS2022)

END.
